<?xml version="1.0" encoding="UTF-8"?>
<!-- Generated by org.testng.reporters.JUnitXMLReporter -->
<testsuite ignored="0" hostname="DESKTOP-B275SC0" failures="0" tests="3" name="Add Customer Test" time="2.894" errors="0" timestamp="11 Jan 2023 18:15:14 GMT">
  <testcase classname="com.w2a.testcases.AddCustomerTest" name="addCustomerTest" time="1.339"/>
  <testcase classname="com.w2a.testcases.AddCustomerTest" name="addCustomerTest" time="1.064"/>
  <testcase classname="com.w2a.testcases.AddCustomerTest" name="addCustomerTest" time="0.001">
    <skipped/>
  </testcase> <!-- addCustomerTest -->
</testsuite> <!-- Add Customer Test -->
