<?xml version="1.0" encoding="UTF-8"?>
<testsuite name="TestSuite" time="2.383" tests="6" errors="0" skipped="1" failures="0">
  <properties>
[...]
</properties>
  <testcase name="bankManagerLoginTest" classname="com.w2a.testcases.BankManagerLoginTest" time="0.175"/>
  <testcase name="addCustomerTest" classname="com.w2a.testcases.AddCustomerTest" time="1.358"/>
  <testcase name="addCustomerTest" classname="com.w2a.testcases.AddCustomerTest" time="1.067"/>
  <testcase name="addCustomerTest" classname="com.w2a.testcases.AddCustomerTest" time="0">
    <skipped/>
  </testcase>
  <testcase name="openAccountTest" classname="com.w2a.testcases.OpenAccountTest" time="0.85"/>
  <testcase name="openAccountTest" classname="com.w2a.testcases.OpenAccountTest" time="0.396"/>
</testsuite>